Build started 11/7/2014 2:07:55 PM.
     1>Project "C:\Users\Mimi\Documents\CSE 167\PA 3\Rasterizer\Rasterizer\Rasterizer.vcxproj" on node 2 (Build target(s)).
     1>ClCompile:
         C:\Program Files (x86)\Microsoft Visual Studio 12.0\VC\bin\CL.exe /c /I"C:\glut\glut-3.7.6-bin" /ZI /nologo /W3 /WX- /sdl /Od /Oy- /D _MBCS /Gm /EHsc /RTC1 /MDd /GS /fp:precise /Zc:wchar_t /Zc:forScope /Fo"Debug\\" /Fd"Debug\vc120.pdb" /Gd /TP /analyze- /errorReport:prompt PointLight.cpp
         PointLight.cpp
       Link:
         C:\Program Files (x86)\Microsoft Visual Studio 12.0\VC\bin\link.exe /ERRORREPORT:PROMPT /OUT:"C:\Users\Mimi\Documents\CSE 167\PA 3\Rasterizer\Debug\Rasterizer.exe" /INCREMENTAL /NOLOGO /LIBPATH:"C:\glut\glut-3.7.6-bin" kernel32.lib user32.lib gdi32.lib winspool.lib comdlg32.lib advapi32.lib shell32.lib ole32.lib oleaut32.lib uuid.lib odbc32.lib odbccp32.lib /MANIFEST /MANIFESTUAC:"level='asInvoker' uiAccess='false'" /manifest:embed /DEBUG /PDB:"C:\Users\Mimi\Documents\CSE 167\PA 3\Rasterizer\Debug\Rasterizer.pdb" /TLBID:1 /DYNAMICBASE /NXCOMPAT /IMPLIB:"C:\Users\Mimi\Documents\CSE 167\PA 3\Rasterizer\Debug\Rasterizer.lib" /MACHINE:X86 Debug\Camera.obj
         Debug\House.obj
         Debug\Matrix4.obj
         Debug\PointCloud.obj
         Debug\PointLight.obj
         Debug\Projection.obj
         Debug\Rasterizer.obj
         Debug\Vector3.obj
         Debug\Vector4.obj
         Debug\Viewport.obj
         Debug\XYZParser.obj
         Rasterizer.vcxproj -> C:\Users\Mimi\Documents\CSE 167\PA 3\Rasterizer\Debug\Rasterizer.exe
     1>Done Building Project "C:\Users\Mimi\Documents\CSE 167\PA 3\Rasterizer\Rasterizer\Rasterizer.vcxproj" (Build target(s)).

Build succeeded.

Time Elapsed 00:00:00.74
